<?xml version="1.0" encoding="UTF-8"?>
<!-- Generated by org.testng.reporters.JUnitReportReporter -->
<testsuite skipped="0" hostname="Veeranti" name="guruAugustTestNG.NewTest" tests="1" failures="0" timestamp="03 Aug 2018 05:30:46 GMT" time="26.126" errors="0">
  <testcase name="GuruLoginTest" time="26.126" classname="guruAugustTestNG.NewTest"/>
</testsuite> <!-- guruAugustTestNG.NewTest -->
