<?xml version="1.0" encoding="UTF-8"?>
<!-- Generated by org.testng.reporters.JUnitReportReporter -->
<testsuite skipped="0" hostname="Veeranti" name="guruAugustTestNG.AameritradeTest" tests="3" failures="0" timestamp="03 Aug 2018 06:56:07 GMT" time="89.049" errors="0">
  <testcase name="LoginTest" time="24.377" classname="guruAugustTestNG.AameritradeTest"/>
  <testcase name="LoginTest" time="43.707" classname="guruAugustTestNG.AameritradeTest"/>
  <testcase name="LoginTest" time="20.965" classname="guruAugustTestNG.AameritradeTest"/>
</testsuite> <!-- guruAugustTestNG.AameritradeTest -->
